<?xml version="1.0" encoding="UTF-8"?>
<!-- Generated by org.testng.reporters.JUnitReportReporter -->
<testsuite hostname="LAPTOP-A13CRCOE" failures="0" tests="2" name="testCases.NinjaLoginTest" time="20.660" errors="0" timestamp="2023-10-03T19:01:10 IST" skipped="0">
  <testcase classname="testCases.NinjaLoginTest" name="LoginTestCases" time="6.856"/>
  <testcase classname="testCases.NinjaLoginTest" name="LoginTestCases" time="13.804"/>
</testsuite> <!-- testCases.NinjaLoginTest -->
