<?xml version="1.0" encoding="UTF-8"?>
<!-- Generated by org.testng.reporters.JUnitReportReporter -->
<testsuite hostname="LAPTOP-A13CRCOE" failures="0" tests="2" name="testCases.NinjaLogin" time="21.571" errors="0" timestamp="2023-09-30T16:27:48 IST" skipped="0">
  <testcase classname="testCases.NinjaLogin" name="LoginTestCases" time="16.414"/>
  <testcase classname="testCases.NinjaLogin" name="LoginTestCases" time="5.157"/>
</testsuite> <!-- testCases.NinjaLogin -->
