<?xml version="1.0" encoding="UTF-8"?>
<!-- Generated by org.testng.reporters.JUnitReportReporter -->
<testsuite hostname="LAPTOP-A13CRCOE" failures="0" tests="1" name="testCases.ThreeTest" time="13.167" errors="0" timestamp="2023-10-02T18:03:21 IST" skipped="0">
  <testcase classname="testCases.ThreeTest" name="TestThree" time="13.167"/>
</testsuite> <!-- testCases.ThreeTest -->
