<?xml version="1.0" encoding="UTF-8"?>
<!-- Generated by org.testng.reporters.JUnitReportReporter -->
<testsuite hostname="LAPTOP-A13CRCOE" failures="0" tests="3" name="Runner.ninjaRunner" time="82.657" errors="0" timestamp="2023-10-03T18:56:58 IST" skipped="0">
  <testcase classname="Runner.ninjaRunner" name="runScenario" time="28.671"/>
  <testcase classname="Runner.ninjaRunner" name="runScenario" time="28.437"/>
  <testcase classname="Runner.ninjaRunner" name="runScenario" time="25.549"/>
</testsuite> <!-- Runner.ninjaRunner -->
