<?xml version="1.0" encoding="UTF-8"?>
<!-- Generated by org.testng.reporters.JUnitReportReporter -->
<testsuite hostname="LAPTOP-A13CRCOE" failures="0" tests="1" name="testCases.NinjaRegisterTest" time="19.018" errors="0" timestamp="2023-10-03T19:01:10 IST" skipped="0">
  <testcase classname="testCases.NinjaRegisterTest" name="RegisterTestCases" time="19.018"/>
</testsuite> <!-- testCases.NinjaRegisterTest -->
