<?xml version="1.0" encoding="UTF-8"?>
<!-- Generated by org.testng.reporters.JUnitReportReporter -->
<testsuite hostname="LAPTOP-A13CRCOE" failures="0" tests="3" name="Runner.ninjaRunner" time="43.935" errors="0" timestamp="2023-10-03T19:09:50 IST" skipped="0">
  <testcase classname="Runner.ninjaRunner" name="runScenario" time="19.014"/>
  <testcase classname="Runner.ninjaRunner" name="runScenario" time="17.591"/>
  <testcase classname="Runner.ninjaRunner" name="runScenario" time="7.330"/>
</testsuite> <!-- Runner.ninjaRunner -->
