<?xml version="1.0" encoding="UTF-8"?>
<!-- Generated by org.testng.reporters.JUnitReportReporter -->
<testsuite hostname="LAPTOP-A13CRCOE" failures="0" tests="2" name="testCases.NinjaLoginTest" time="22.701" errors="0" timestamp="2023-10-02T23:12:31 IST" skipped="0">
  <testcase classname="testCases.NinjaLoginTest" name="LoginTestCases" time="7.340"/>
  <testcase classname="testCases.NinjaLoginTest" name="LoginTestCases" time="15.361"/>
</testsuite> <!-- testCases.NinjaLoginTest -->
