<?xml version="1.0" encoding="UTF-8"?>
<!-- Generated by org.testng.reporters.JUnitReportReporter -->
<testsuite hostname="LAPTOP-A13CRCOE" failures="0" tests="1" name="testCases.ThreeTest" time="0.000" errors="0" timestamp="2023-09-30T16:52:20 IST" skipped="0">
  <testcase classname="testCases.ThreeTest" name="TestThree" time="0.000"/>
</testsuite> <!-- testCases.ThreeTest -->
