<?xml version="1.0" encoding="UTF-8"?>
<!-- Generated by org.testng.reporters.JUnitReportReporter -->
<testsuite hostname="LAPTOP-A13CRCOE" failures="0" tests="1" name="testCases.fourthTest" time="0.004" errors="0" timestamp="2023-09-30T16:52:20 IST" skipped="0">
  <testcase classname="testCases.fourthTest" name="testFour" time="0.004"/>
</testsuite> <!-- testCases.fourthTest -->
